19.89/20.04	c Solved by SCIP
19.89/20.04	c Using COMiniSatPS SAT solver by Chanseok Oh (2016)
19.89/20.04	c Found solution: 84153
19.89/20.04	c Found solution: 82574
19.89/20.04	c Found solution: 80122
19.89/20.04	c Found solution: 78359
19.89/20.04	c Found solution: 76528
19.89/20.04	c Found solution: 75046
19.89/20.04	c Found solution: 72697
19.89/20.04	c Found solution: 70797
19.89/20.04	c Found solution: 68774
19.89/20.04	c Found solution: 67409
19.89/20.04	c Found solution: 66324
19.89/20.04	c Found solution: 64078
19.89/20.04	c Found solution: 62430
19.89/20.04	c Found solution: 59686
19.89/20.04	c Found solution: 58109
19.89/20.04	c Found solution: 57295
19.89/20.04	c Found solution: 56146
19.89/20.04	c Found solution: 55471
19.89/20.04	
19.89/20.04	c SATISFIABLE
